[ 2014-04-03T20:45:55+08:00 ] 127.0.0.1 /bookshop/
INFO: [ app_begin ] --START--
INFO: ReadHtmlCache Behavior ::run [ RunTime:0.000463s ]
INFO: [ app_begin ] --END-- [ RunTime:0.000558s ]
SQL: SHOW COLUMNS FROM `think_items` [ RunTime:0.000535s ]
SQL: SELECT * FROM `think_items`  [ RunTime:0.000132s ]
NOTIC: [8] Undefined index: authId /opt/lampp/htdocs/bookshop/Lib/Action/IndexAction.class.php 第 6 行.
NOTIC: [8] Use of undefined constant id - assumed 'id' /opt/lampp/htdocs/bookshop/Lib/Action/IndexAction.class.php 第 16 行.
INFO: [ view_parse ] --START--
INFO: ParseTemplate Behavior ::run [ RunTime:0.005588s ]
INFO: [ view_parse ] --END-- [ RunTime:0.005645s ]
INFO: [ view_filter ] --START--
INFO: ContentReplace Behavior ::run [ RunTime:0.000165s ]
INFO: TokenBuild Behavior ::run [ RunTime:0.000160s ]
INFO: WriteHtmlCache Behavior ::run [ RunTime:0.000089s ]
INFO: ShowRuntime Behavior ::run [ RunTime:0.000204s ]
INFO: [ view_filter ] --END-- [ RunTime:0.000705s ]
INFO: [ view_end ] --START--
INFO: ShowPageTrace Behavior ::run [ RunTime:0.000300s ]
INFO: [ view_end ] --END-- [ RunTime:0.000332s ]

